0 info it worked if it ends with ok
1 verbose cli [ 'C:\\Program Files\\nodejs\\node.exe',
1 verbose cli   'C:\\Program Files\\nodejs\\node_modules\\npm\\bin\\npm-cli.js',
1 verbose cli   'run',
1 verbose cli   'webpack' ]
2 info using npm@3.10.10
3 info using node@v6.10.2
4 verbose run-script [ 'prewebpack', 'webpack', 'postwebpack' ]
5 info lifecycle todo@0.0.1~prewebpack: todo@0.0.1
6 silly lifecycle todo@0.0.1~prewebpack: no script for prewebpack, continuing
7 info lifecycle todo@0.0.1~webpack: todo@0.0.1
8 verbose lifecycle todo@0.0.1~webpack: unsafe-perm in lifecycle true
9 verbose lifecycle todo@0.0.1~webpack: PATH: C:\Program Files\nodejs\node_modules\npm\bin\node-gyp-bin;C:\Users\M543015\Desktop\GitHub\todoapp\node_modules\.bin;C:\Ruby24-x64\bin;C:\ProgramData\Oracle\Java\javapath;C:\Program Files\Teradata\Client\15.10\bin;C:\Program Files (x86)\Teradata\Client\15.10\bin;C:\app\P965443a\product\12.1.0\client_1;C:\Program Files (x86)\Attachmate\Reflection\;c:\orant\ora12\bin;C:\windows\system32;C:\windows;C:\windows\System32\Wbem;C:\windows\System32\WindowsPowerShell\v1.0\;C:\Program Files\Dell\Dell Data Protection\Encryption\;C:\Program Files (x86)\CheckPoint\Endpoint Security\Endpoint Common\bin;C:\windows\SysWOW64\;C:\windows\SysWOW64\Wbem;C:\windows\SysWOW64\WindowsPowerShell\v1.0;C:\Program Files\SASHome\Secure\ccme4;C:\Program Files\SASHome\x86\Secure\ccme4;C:\Program Files\nodejs\;C:\Program Files\Git\cmd;C:\Users\M543015\AppData\Local\Continuum\Anaconda3;C:\Users\M543015\AppData\Local\Continuum\Anaconda3\Scripts;C:\Users\M543015\AppData\Local\Continuum\Anaconda3\Library\bin;C:\Users\M543015\AppData\Local\Continuum\Anaconda2;C:\Users\M543015\AppData\Local\Continuum\Anaconda2\Scripts;C:\Users\M543015\AppData\Local\Continuum\Anaconda2\Library\bin;C:\Users\M543015\AppData\Roaming\npm;C:\Program Files\Heroku\bin;C:\Users\M543015\AppData\Local\GitHub\PortableGit_f02737a78695063deace08e96d5042710d3e32db\cmd;C:\Users\M543015\AppData\Local\atom\bin;C:\Users\M543015\AppData\Local\GitHubDesktop\bin;C:\Users\M543015\AppData\Local\Programs\Microsoft VS Code\bin
10 verbose lifecycle todo@0.0.1~webpack: CWD: C:\Users\M543015\Desktop\GitHub\todoapp
11 silly lifecycle todo@0.0.1~webpack: Args: [ '/d /s /c', 'webpack' ]
12 silly lifecycle todo@0.0.1~webpack: Returned: code: 2  signal: null
13 info lifecycle todo@0.0.1~webpack: Failed to exec webpack script
14 verbose stack Error: todo@0.0.1 webpack: `webpack`
14 verbose stack Exit status 2
14 verbose stack     at EventEmitter.<anonymous> (C:\Program Files\nodejs\node_modules\npm\lib\utils\lifecycle.js:255:16)
14 verbose stack     at emitTwo (events.js:106:13)
14 verbose stack     at EventEmitter.emit (events.js:191:7)
14 verbose stack     at ChildProcess.<anonymous> (C:\Program Files\nodejs\node_modules\npm\lib\utils\spawn.js:40:14)
14 verbose stack     at emitTwo (events.js:106:13)
14 verbose stack     at ChildProcess.emit (events.js:191:7)
14 verbose stack     at maybeClose (internal/child_process.js:886:16)
14 verbose stack     at Process.ChildProcess._handle.onexit (internal/child_process.js:226:5)
15 verbose pkgid todo@0.0.1
16 verbose cwd C:\Users\M543015\Desktop\GitHub\todoapp
17 error Windows_NT 6.1.7601
18 error argv "C:\\Program Files\\nodejs\\node.exe" "C:\\Program Files\\nodejs\\node_modules\\npm\\bin\\npm-cli.js" "run" "webpack"
19 error node v6.10.2
20 error npm  v3.10.10
21 error code ELIFECYCLE
22 error todo@0.0.1 webpack: `webpack`
22 error Exit status 2
23 error Failed at the todo@0.0.1 webpack script 'webpack'.
23 error Make sure you have the latest version of node.js and npm installed.
23 error If you do, this is most likely a problem with the todo package,
23 error not with npm itself.
23 error Tell the author that this fails on your system:
23 error     webpack
23 error You can get information on how to open an issue for this project with:
23 error     npm bugs todo
23 error Or if that isn't available, you can get their info via:
23 error     npm owner ls todo
23 error There is likely additional logging output above.
24 verbose exit [ 1, true ]
