0 info it worked if it ends with ok
1 verbose cli [ 'C:\\Program Files\\nodejs\\node.exe',
1 verbose cli   'C:\\Program Files\\nodejs\\node_modules\\npm\\bin\\npm-cli.js',
1 verbose cli   'install',
1 verbose cli   '-g',
1 verbose cli   'n',
1 verbose cli   'stable' ]
2 info using npm@2.15.9
3 info using node@v4.6.0
4 verbose install initial load of C:\Users\Glenn Wright\AppData\Roaming\npm\package.json
5 verbose readDependencies loading dependencies from C:\Users\Glenn Wright\AppData\Roaming\npm\package.json
6 silly cache add args [ 'n', null ]
7 verbose cache add spec n
8 silly cache add args [ 'stable', null ]
9 verbose cache add spec stable
10 silly cache add parsed spec Result {
10 silly cache add   raw: 'n',
10 silly cache add   scope: null,
10 silly cache add   name: 'n',
10 silly cache add   rawSpec: '',
10 silly cache add   spec: 'latest',
10 silly cache add   type: 'tag' }
11 silly addNamed n@latest
12 verbose addNamed "latest" is being treated as a dist-tag for n
13 info addNameTag [ 'n', 'latest' ]
14 silly mapToRegistry name n
15 silly mapToRegistry using default registry
16 silly mapToRegistry registry https://registry.npmjs.org/
17 silly mapToRegistry data Result {
17 silly mapToRegistry   raw: 'n',
17 silly mapToRegistry   scope: null,
17 silly mapToRegistry   name: 'n',
17 silly mapToRegistry   rawSpec: '',
17 silly mapToRegistry   spec: 'latest',
17 silly mapToRegistry   type: 'tag' }
18 silly mapToRegistry uri https://registry.npmjs.org/n
19 verbose addNameTag registry:https://registry.npmjs.org/n not in flight; fetching
20 silly cache add parsed spec Result {
20 silly cache add   raw: 'stable',
20 silly cache add   scope: null,
20 silly cache add   name: 'stable',
20 silly cache add   rawSpec: '',
20 silly cache add   spec: 'latest',
20 silly cache add   type: 'tag' }
21 silly addNamed stable@latest
22 verbose addNamed "latest" is being treated as a dist-tag for stable
23 info addNameTag [ 'stable', 'latest' ]
24 silly mapToRegistry name stable
25 silly mapToRegistry using default registry
26 silly mapToRegistry registry https://registry.npmjs.org/
27 silly mapToRegistry data Result {
27 silly mapToRegistry   raw: 'stable',
27 silly mapToRegistry   scope: null,
27 silly mapToRegistry   name: 'stable',
27 silly mapToRegistry   rawSpec: '',
27 silly mapToRegistry   spec: 'latest',
27 silly mapToRegistry   type: 'tag' }
28 silly mapToRegistry uri https://registry.npmjs.org/stable
29 verbose addNameTag registry:https://registry.npmjs.org/stable not in flight; fetching
30 verbose request uri https://registry.npmjs.org/stable
31 verbose request no auth needed
32 info attempt registry request try #1 at 5:57:03 PM
33 verbose request id 320bc84478746067
34 http request GET https://registry.npmjs.org/stable
35 verbose request uri https://registry.npmjs.org/n
36 verbose request no auth needed
37 info attempt registry request try #1 at 5:57:03 PM
38 verbose etag "5a27a97a-1172b"
39 verbose lastModified Wed, 6 Dec 2017 8:25:30 GMT
40 http request GET https://registry.npmjs.org/n
41 http 304 https://registry.npmjs.org/n
42 verbose headers { date: 'Sat, 20 Jan 2018 01:57:00 GMT',
42 verbose headers   via: '1.1 varnish',
42 verbose headers   'cache-control': 'max-age=300',
42 verbose headers   etag: '"5a27a97a-1172b"',
42 verbose headers   age: '8486',
42 verbose headers   connection: 'keep-alive',
42 verbose headers   'x-served-by': 'cache-pao17440-PAO',
42 verbose headers   'x-cache': 'HIT',
42 verbose headers   'x-cache-hits': '3',
42 verbose headers   'x-timer': 'S1516413421.870970,VS0,VE0',
42 verbose headers   vary: 'Accept-Encoding, Accept' }
43 silly get cb [ 304,
43 silly get   { date: 'Sat, 20 Jan 2018 01:57:00 GMT',
43 silly get     via: '1.1 varnish',
43 silly get     'cache-control': 'max-age=300',
43 silly get     etag: '"5a27a97a-1172b"',
43 silly get     age: '8486',
43 silly get     connection: 'keep-alive',
43 silly get     'x-served-by': 'cache-pao17440-PAO',
43 silly get     'x-cache': 'HIT',
43 silly get     'x-cache-hits': '3',
43 silly get     'x-timer': 'S1516413421.870970,VS0,VE0',
43 silly get     vary: 'Accept-Encoding, Accept' } ]
44 verbose etag https://registry.npmjs.org/n from cache
45 verbose get saving n to C:\Users\Glenn Wright\AppData\Roaming\npm-cache\registry.npmjs.org\n\.cache.json
46 verbose correctMkdir C:\Users\Glenn Wright\AppData\Roaming\npm-cache correctMkdir not in flight; initializing
47 http 200 https://registry.npmjs.org/stable
48 verbose headers { 'content-type': 'application/json; charset=UTF-8',
48 verbose headers   server: 'UploadServer',
48 verbose headers   'cache-control': 'max-age=300',
48 verbose headers   'last-modified': 'Fri, 25 Aug 2017 10:12:03 GMT',
48 verbose headers   etag: '"599ff7f3-28b0"',
48 verbose headers   'content-encoding': 'gzip',
48 verbose headers   'content-length': '2856',
48 verbose headers   'accept-ranges': 'bytes',
48 verbose headers   date: 'Sat, 20 Jan 2018 01:57:00 GMT',
48 verbose headers   via: '1.1 varnish',
48 verbose headers   age: '12917',
48 verbose headers   connection: 'keep-alive',
48 verbose headers   'x-served-by': 'cache-pao17437-PAO',
48 verbose headers   'x-cache': 'HIT',
48 verbose headers   'x-cache-hits': '4',
48 verbose headers   'x-timer': 'S1516413421.882006,VS0,VE0',
48 verbose headers   vary: 'Accept-Encoding, Accept' }
49 silly get cb [ 200,
49 silly get   { 'content-type': 'application/json; charset=UTF-8',
49 silly get     server: 'UploadServer',
49 silly get     'cache-control': 'max-age=300',
49 silly get     'last-modified': 'Fri, 25 Aug 2017 10:12:03 GMT',
49 silly get     etag: '"599ff7f3-28b0"',
49 silly get     'content-encoding': 'gzip',
49 silly get     'content-length': '2856',
49 silly get     'accept-ranges': 'bytes',
49 silly get     date: 'Sat, 20 Jan 2018 01:57:00 GMT',
49 silly get     via: '1.1 varnish',
49 silly get     age: '12917',
49 silly get     connection: 'keep-alive',
49 silly get     'x-served-by': 'cache-pao17437-PAO',
49 silly get     'x-cache': 'HIT',
49 silly get     'x-cache-hits': '4',
49 silly get     'x-timer': 'S1516413421.882006,VS0,VE0',
49 silly get     vary: 'Accept-Encoding, Accept' } ]
50 verbose get saving stable to C:\Users\Glenn Wright\AppData\Roaming\npm-cache\registry.npmjs.org\stable\.cache.json
51 verbose correctMkdir C:\Users\Glenn Wright\AppData\Roaming\npm-cache correctMkdir not in flight; initializing
52 silly addNameTag next cb for n with tag latest
53 silly addNamed n@2.1.8
54 verbose addNamed "2.1.8" is a plain semver version for n
55 silly addNameTag next cb for stable with tag latest
56 silly addNamed stable@0.1.6
57 verbose addNamed "0.1.6" is a plain semver version for stable
58 silly mapToRegistry name stable
59 silly mapToRegistry using default registry
60 silly mapToRegistry registry https://registry.npmjs.org/
61 silly mapToRegistry data Result {
61 silly mapToRegistry   raw: 'stable',
61 silly mapToRegistry   scope: null,
61 silly mapToRegistry   name: 'stable',
61 silly mapToRegistry   rawSpec: '',
61 silly mapToRegistry   spec: 'latest',
61 silly mapToRegistry   type: 'tag' }
62 silly mapToRegistry uri https://registry.npmjs.org/stable
63 verbose addRemoteTarball https://registry.npmjs.org/stable/-/stable-0.1.6.tgz not in flight; adding
64 verbose addRemoteTarball [ 'https://registry.npmjs.org/stable/-/stable-0.1.6.tgz',
64 verbose addRemoteTarball   '910f5d2aed7b520c6e777499c1f32e139fdecb10' ]
65 silly cache afterAdd n@2.1.8
66 verbose afterAdd C:\Users\Glenn Wright\AppData\Roaming\npm-cache\n\2.1.8\package\package.json not in flight; writing
67 verbose correctMkdir C:\Users\Glenn Wright\AppData\Roaming\npm-cache correctMkdir not in flight; initializing
68 verbose afterAdd C:\Users\Glenn Wright\AppData\Roaming\npm-cache\n\2.1.8\package\package.json written
69 info retry fetch attempt 1 at 5:57:03 PM
70 info attempt registry request try #1 at 5:57:03 PM
71 http fetch GET https://registry.npmjs.org/stable/-/stable-0.1.6.tgz
72 http fetch 200 https://registry.npmjs.org/stable/-/stable-0.1.6.tgz
73 silly fetchAndShaCheck shasum 910f5d2aed7b520c6e777499c1f32e139fdecb10
74 verbose addTmpTarball C:\Users\GLENNW~1\AppData\Local\Temp\npm-7472-b86cdda0\registry.npmjs.org\stable\-\stable-0.1.6.tgz not in flight; adding
75 verbose addTmpTarball already have metadata; skipping unpack for stable@0.1.6
76 verbose correctMkdir C:\Users\Glenn Wright\AppData\Roaming\npm-cache correctMkdir not in flight; initializing
77 silly cache afterAdd stable@0.1.6
78 verbose afterAdd C:\Users\Glenn Wright\AppData\Roaming\npm-cache\stable\0.1.6\package\package.json not in flight; writing
79 verbose correctMkdir C:\Users\Glenn Wright\AppData\Roaming\npm-cache correctMkdir not in flight; initializing
80 verbose afterAdd C:\Users\Glenn Wright\AppData\Roaming\npm-cache\stable\0.1.6\package\package.json written
81 silly install resolved [ { name: 'n',
81 silly install resolved     description: 'Interactively Manage All Your Node Versions',
81 silly install resolved     version: '2.1.8',
81 silly install resolved     author: { name: 'TJ Holowaychuk', email: 'tj@vision-media.ca' },
81 silly install resolved     homepage: 'https://github.com/tj/n',
81 silly install resolved     bugs: { url: 'https://github.com/tj/n/issues' },
81 silly install resolved     contributors: [ [Object], [Object], [Object] ],
81 silly install resolved     keywords:
81 silly install resolved      [ 'nvm',
81 silly install resolved        'node',
81 silly install resolved        'version',
81 silly install resolved        'manager',
81 silly install resolved        'switcher',
81 silly install resolved        'node',
81 silly install resolved        'binary',
81 silly install resolved        'env' ],
81 silly install resolved     bin: { n: './bin/n' },
81 silly install resolved     repository: { type: 'git', url: 'git://github.com/tj/n.git' },
81 silly install resolved     preferGlobal: true,
81 silly install resolved     os: [ '!win32' ],
81 silly install resolved     engines: { node: '*' },
81 silly install resolved     license: 'MIT',
81 silly install resolved     gitHead: '14ab6ff01f3b673e2e29f465a00e0b29643bb8d9',
81 silly install resolved     _id: 'n@2.1.8',
81 silly install resolved     _npmVersion: '5.0.3',
81 silly install resolved     _nodeVersion: '8.1.2',
81 silly install resolved     _npmUser: { name: 'troy0820', email: 'troy0820@gmail.com' },
81 silly install resolved     dist:
81 silly install resolved      { integrity: 'sha512-VN3To6jBHSdTHmv+fT00V1nBdj3MWdcOlEKBEaUtXKRqQhuN289B9Jym9P/L3rXfafAsapmh4Fcr/DUR8DGJVg==',
81 silly install resolved        shasum: '9b770f6ae0a93c49c64fb614625a63cc5a22d1fd',
81 silly install resolved        tarball: 'https://registry.npmjs.org/n/-/n-2.1.8.tgz' },
81 silly install resolved     maintainers: [ [Object], [Object], [Object], [Object], [Object], [Object] ],
81 silly install resolved     _npmOperationalInternal:
81 silly install resolved      { host: 's3://npm-registry-packages',
81 silly install resolved        tmp: 'tmp/n-2.1.8.tgz_1498880450388_0.9696143395267427' },
81 silly install resolved     directories: {},
81 silly install resolved     _shasum: '9b770f6ae0a93c49c64fb614625a63cc5a22d1fd',
81 silly install resolved     _resolved: 'https://registry.npmjs.org/n/-/n-2.1.8.tgz',
81 silly install resolved     _from: 'n@latest',
81 silly install resolved     readme: 'ERROR: No README data found!' },
81 silly install resolved   { name: 'stable',
81 silly install resolved     version: '0.1.6',
81 silly install resolved     keywords: [ 'stable', 'array', 'sort' ],
81 silly install resolved     description: 'A stable array sort for JavaScript',
81 silly install resolved     repository:
81 silly install resolved      { type: 'git',
81 silly install resolved        url: 'git+https://github.com/Two-Screen/stable.git' },
81 silly install resolved     main: './stable.js',
81 silly install resolved     types: './index.d.ts',
81 silly install resolved     devDependencies: { tape: '^4.6.3', 'uglify-js': '^2.8.12' },
81 silly install resolved     scripts:
81 silly install resolved      { test: 'node ./test.js',
81 silly install resolved        minify: 'uglifyjs --comments \'/^!/\' -c -m -o ./stable.min.js ./stable.js' },
81 silly install resolved     testling: { files: './test.js', browsers: [Object] },
81 silly install resolved     author: { name: 'Angry Bytes', email: 'info@angrybytes.com' },
81 silly install resolved     contributors: [ [Object], [Object], [Object] ],
81 silly install resolved     license: 'MIT',
81 silly install resolved     gitHead: '5da5fbd3bc3626e12a92546c0bf6459a845811c7',
81 silly install resolved     bugs: { url: 'https://github.com/Two-Screen/stable/issues' },
81 silly install resolved     homepage: 'https://github.com/Two-Screen/stable#readme',
81 silly install resolved     _id: 'stable@0.1.6',
81 silly install resolved     _shasum: '910f5d2aed7b520c6e777499c1f32e139fdecb10',
81 silly install resolved     _from: 'stable@latest',
81 silly install resolved     _npmVersion: '4.1.2',
81 silly install resolved     _nodeVersion: '7.7.2',
81 silly install resolved     _npmUser: { name: 'stephank', email: 'stephan@kochen.nl' },
81 silly install resolved     dist:
81 silly install resolved      { shasum: '910f5d2aed7b520c6e777499c1f32e139fdecb10',
81 silly install resolved        tarball: 'https://registry.npmjs.org/stable/-/stable-0.1.6.tgz' },
81 silly install resolved     maintainers: [ [Object] ],
81 silly install resolved     _npmOperationalInternal:
81 silly install resolved      { host: 'packages-12-west.internal.npmjs.com',
81 silly install resolved        tmp: 'tmp/stable-0.1.6.tgz_1489595710107_0.5838525237049907' },
81 silly install resolved     directories: {},
81 silly install resolved     _resolved: 'https://registry.npmjs.org/stable/-/stable-0.1.6.tgz' } ]
82 info install n@2.1.8 into C:\Users\Glenn Wright\AppData\Roaming\npm
83 info install stable@0.1.6 into C:\Users\Glenn Wright\AppData\Roaming\npm
84 info installOne n@2.1.8
85 verbose installOne of n to C:\Users\Glenn Wright\AppData\Roaming\npm not in flight; installing
86 verbose correctMkdir C:\Users\Glenn Wright\AppData\Roaming\npm-cache\_locks correctMkdir not in flight; initializing
87 info installOne stable@0.1.6
88 verbose installOne of stable to C:\Users\Glenn Wright\AppData\Roaming\npm not in flight; installing
89 verbose correctMkdir C:\Users\Glenn Wright\AppData\Roaming\npm-cache\_locks correctMkdir already in flight; waiting
90 verbose lock using C:\Users\Glenn Wright\AppData\Roaming\npm-cache\_locks\n-3470e38667ea82cf.lock for C:\Users\Glenn Wright\AppData\Roaming\npm\node_modules\n
91 verbose lock using C:\Users\Glenn Wright\AppData\Roaming\npm-cache\_locks\stable-0f80d04f5064778b.lock for C:\Users\Glenn Wright\AppData\Roaming\npm\node_modules\stable
92 verbose unlock done using C:\Users\Glenn Wright\AppData\Roaming\npm-cache\_locks\n-3470e38667ea82cf.lock for C:\Users\Glenn Wright\AppData\Roaming\npm\node_modules\n
93 silly install write writing stable 0.1.6 to C:\Users\Glenn Wright\AppData\Roaming\npm\node_modules\stable
94 verbose unbuild node_modules\stable
95 silly gentlyRm C:\Users\Glenn Wright\AppData\Roaming\npm\node_modules\stable is being purged from base C:\Users\Glenn Wright\AppData\Roaming\npm
96 verbose gentlyRm don't care about contents; nuking C:\Users\Glenn Wright\AppData\Roaming\npm\node_modules\stable
97 verbose tar unpack C:\Users\Glenn Wright\AppData\Roaming\npm-cache\stable\0.1.6\package.tgz
98 verbose tar unpacking to C:\Users\Glenn Wright\AppData\Roaming\npm\node_modules\stable
99 silly gentlyRm C:\Users\Glenn Wright\AppData\Roaming\npm\node_modules\stable is being purged
100 verbose gentlyRm don't care about contents; nuking C:\Users\Glenn Wright\AppData\Roaming\npm\node_modules\stable
101 silly gunzTarPerm modes [ '777', '666' ]
102 silly gunzTarPerm extractEntry package.json
103 silly gunzTarPerm modified mode [ 'package.json', 420, 438 ]
104 silly gunzTarPerm extractEntry .npmignore
105 silly gunzTarPerm modified mode [ '.npmignore', 420, 438 ]
106 silly gunzTarPerm extractEntry README.md
107 silly gunzTarPerm modified mode [ 'README.md', 420, 438 ]
108 silly gunzTarPerm extractEntry stable.js
109 silly gunzTarPerm modified mode [ 'stable.js', 420, 438 ]
110 silly gunzTarPerm extractEntry test.js
111 silly gunzTarPerm modified mode [ 'test.js', 420, 438 ]
112 silly gunzTarPerm extractEntry .travis.yml
113 silly gunzTarPerm modified mode [ '.travis.yml', 420, 438 ]
114 silly gunzTarPerm extractEntry bower.json
115 silly gunzTarPerm modified mode [ 'bower.json', 420, 438 ]
116 silly gunzTarPerm extractEntry index.d.ts
117 silly gunzTarPerm modified mode [ 'index.d.ts', 420, 438 ]
118 verbose write writing to C:\Users\Glenn Wright\AppData\Roaming\npm\node_modules\stable\package.json
119 info preinstall stable@0.1.6
120 verbose readDependencies loading dependencies from C:\Users\Glenn Wright\AppData\Roaming\npm\node_modules\stable\package.json
121 verbose readDependencies loading dependencies from C:\Users\Glenn Wright\AppData\Roaming\npm\node_modules\stable\package.json
122 silly install resolved []
123 verbose about to build C:\Users\Glenn Wright\AppData\Roaming\npm\node_modules\stable
124 info build C:\Users\Glenn Wright\AppData\Roaming\npm\node_modules\stable
125 info linkStuff stable@0.1.6
126 silly linkStuff stable@0.1.6 has C:\Users\Glenn Wright\AppData\Roaming\npm\node_modules as its parent node_modules
127 silly linkStuff stable@0.1.6 is part of a global install
128 silly linkStuff stable@0.1.6 is installed into a global node_modules
129 silly linkStuff stable@0.1.6 is installed into the top-level global node_modules
130 verbose linkBins stable@0.1.6
131 verbose linkMans stable@0.1.6
132 verbose rebuildBundles stable@0.1.6
133 info install stable@0.1.6
134 info postinstall stable@0.1.6
135 verbose unlock done using C:\Users\Glenn Wright\AppData\Roaming\npm-cache\_locks\stable-0f80d04f5064778b.lock for C:\Users\Glenn Wright\AppData\Roaming\npm\node_modules\stable
136 verbose stack Error: Unsupported
136 verbose stack     at checkPlatform (C:\Program Files\nodejs\node_modules\npm\node_modules\npm-install-checks\index.js:47:14)
136 verbose stack     at Array.<anonymous> (C:\Program Files\nodejs\node_modules\npm\node_modules\slide\lib\bind-actor.js:15:8)
136 verbose stack     at LOOP (C:\Program Files\nodejs\node_modules\npm\node_modules\slide\lib\chain.js:15:14)
136 verbose stack     at C:\Program Files\nodejs\node_modules\npm\node_modules\slide\lib\chain.js:18:7
136 verbose stack     at checkEngine (C:\Program Files\nodejs\node_modules\npm\node_modules\npm-install-checks\index.js:26:10)
136 verbose stack     at Array.<anonymous> (C:\Program Files\nodejs\node_modules\npm\node_modules\slide\lib\bind-actor.js:15:8)
136 verbose stack     at LOOP (C:\Program Files\nodejs\node_modules\npm\node_modules\slide\lib\chain.js:15:14)
136 verbose stack     at chain (C:\Program Files\nodejs\node_modules\npm\node_modules\slide\lib\chain.js:20:5)
136 verbose stack     at C:\Program Files\nodejs\node_modules\npm\lib\install.js:1038:5
136 verbose stack     at C:\Program Files\nodejs\node_modules\npm\lib\utils\locker.js:39:7
137 verbose pkgid n@2.1.8
138 verbose cwd C:\Users\Glenn Wright\Documents\GitHub\todoapp\todo
139 error Windows_NT 10.0.16299
140 error argv "C:\\Program Files\\nodejs\\node.exe" "C:\\Program Files\\nodejs\\node_modules\\npm\\bin\\npm-cli.js" "install" "-g" "n" "stable"
141 error node v4.6.0
142 error npm  v2.15.9
143 error code EBADPLATFORM
144 error notsup Unsupported
144 error notsup Not compatible with your operating system or architecture: n@2.1.8
144 error notsup Valid OS:    !win32
144 error notsup Valid Arch:  any
144 error notsup Actual OS:   win32
144 error notsup Actual Arch: x64
145 verbose exit [ 1, true ]
